This is pdfTeX, Version 3.14159265-2.6-1.40.18 (MiKTeX 2.9.6350 64-bit) (preloaded format=pdflatex 2017.10.17)  23 OCT 2017 22:34
entering extended mode
**./main.tex
(main.tex
LaTeX2e <2017-04-15>
Babel <3.10> and hyphenation patterns for 75 language(s) loaded.
("C:\Program Files\MiKTeX 2.9\tex\latex\base\book.cls"
Document Class: book 2014/09/29 v1.4h Standard LaTeX document class
("C:\Program Files\MiKTeX 2.9\tex\latex\base\bk12.clo"
File: bk12.clo 2014/09/29 v1.4h Standard LaTeX file (size option)
)
\c@part=\count79
\c@chapter=\count80
\c@section=\count81
\c@subsection=\count82
\c@subsubsection=\count83
\c@paragraph=\count84
\c@subparagraph=\count85
\c@figure=\count86
\c@table=\count87
\abovecaptionskip=\skip41
\belowcaptionskip=\skip42
\bibindent=\dimen102
)
("C:\Program Files\MiKTeX 2.9\tex\generic\babel\babel.sty"
Package: babel 2017/05/19 3.10 The Babel package

*************************************
* Local config file bblopts.cfg used
*
(C:\Users\eduardo\AppData\Roaming\MiKTeX\2.9\tex\latex\arabi\bblopts.cfg
File: bblopts.cfg 2005/09/08 v0.1 add Arabic and Farsi to "declared" options of
 babel
)
(C:\Users\eduardo\AppData\Roaming\MiKTeX\2.9\tex\latex\babel-portuges\portuges.
ldf
Language: portuges 2008/03/18 v1.2q Portuguese support from the babel system
 ("C:\Program Files\MiKTeX 2.9\tex\generic\babel\babel.def"
File: babel.def 2017/05/19 3.10 Babel common definitions
\babel@savecnt=\count88
\U@D=\dimen103
)
\l@brazilian = a dialect from \language\l@portuges 
Package babel Info: Making " an active character on input line 145.
))
("C:\Program Files\MiKTeX 2.9\tex\latex\base\inputenc.sty"
Package: inputenc 2015/03/17 v1.2c Input encoding file
\inpenc@prehook=\toks14
\inpenc@posthook=\toks15

("C:\Program Files\MiKTeX 2.9\tex\latex\base\utf8.def"
File: utf8.def 2017/01/28 v1.1t UTF-8 support for inputenc
Now handling font encoding OML ...
... no UTF-8 mapping file for font encoding OML
Now handling font encoding T1 ...
... processing UTF-8 mapping file for font encoding T1

("C:\Program Files\MiKTeX 2.9\tex\latex\base\t1enc.dfu"
File: t1enc.dfu 2017/01/28 v1.1t UTF-8 support for inputenc
   defining Unicode char U+00A0 (decimal 160)
   defining Unicode char U+00A1 (decimal 161)
   defining Unicode char U+00A3 (decimal 163)
   defining Unicode char U+00AB (decimal 171)
   defining Unicode char U+00AD (decimal 173)
   defining Unicode char U+00BB (decimal 187)
   defining Unicode char U+00BF (decimal 191)
   defining Unicode char U+00C0 (decimal 192)
   defining Unicode char U+00C1 (decimal 193)
   defining Unicode char U+00C2 (decimal 194)
   defining Unicode char U+00C3 (decimal 195)
   defining Unicode char U+00C4 (decimal 196)
   defining Unicode char U+00C5 (decimal 197)
   defining Unicode char U+00C6 (decimal 198)
   defining Unicode char U+00C7 (decimal 199)
   defining Unicode char U+00C8 (decimal 200)
   defining Unicode char U+00C9 (decimal 201)
   defining Unicode char U+00CA (decimal 202)
   defining Unicode char U+00CB (decimal 203)
   defining Unicode char U+00CC (decimal 204)
   defining Unicode char U+00CD (decimal 205)
   defining Unicode char U+00CE (decimal 206)
   defining Unicode char U+00CF (decimal 207)
   defining Unicode char U+00D0 (decimal 208)
   defining Unicode char U+00D1 (decimal 209)
   defining Unicode char U+00D2 (decimal 210)
   defining Unicode char U+00D3 (decimal 211)
   defining Unicode char U+00D4 (decimal 212)
   defining Unicode char U+00D5 (decimal 213)
   defining Unicode char U+00D6 (decimal 214)
   defining Unicode char U+00D8 (decimal 216)
   defining Unicode char U+00D9 (decimal 217)
   defining Unicode char U+00DA (decimal 218)
   defining Unicode char U+00DB (decimal 219)
   defining Unicode char U+00DC (decimal 220)
   defining Unicode char U+00DD (decimal 221)
   defining Unicode char U+00DE (decimal 222)
   defining Unicode char U+00DF (decimal 223)
   defining Unicode char U+00E0 (decimal 224)
   defining Unicode char U+00E1 (decimal 225)
   defining Unicode char U+00E2 (decimal 226)
   defining Unicode char U+00E3 (decimal 227)
   defining Unicode char U+00E4 (decimal 228)
   defining Unicode char U+00E5 (decimal 229)
   defining Unicode char U+00E6 (decimal 230)
   defining Unicode char U+00E7 (decimal 231)
   defining Unicode char U+00E8 (decimal 232)
   defining Unicode char U+00E9 (decimal 233)
   defining Unicode char U+00EA (decimal 234)
   defining Unicode char U+00EB (decimal 235)
   defining Unicode char U+00EC (decimal 236)
   defining Unicode char U+00ED (decimal 237)
   defining Unicode char U+00EE (decimal 238)
   defining Unicode char U+00EF (decimal 239)
   defining Unicode char U+00F0 (decimal 240)
   defining Unicode char U+00F1 (decimal 241)
   defining Unicode char U+00F2 (decimal 242)
   defining Unicode char U+00F3 (decimal 243)
   defining Unicode char U+00F4 (decimal 244)
   defining Unicode char U+00F5 (decimal 245)
   defining Unicode char U+00F6 (decimal 246)
   defining Unicode char U+00F8 (decimal 248)
   defining Unicode char U+00F9 (decimal 249)
   defining Unicode char U+00FA (decimal 250)
   defining Unicode char U+00FB (decimal 251)
   defining Unicode char U+00FC (decimal 252)
   defining Unicode char U+00FD (decimal 253)
   defining Unicode char U+00FE (decimal 254)
   defining Unicode char U+00FF (decimal 255)
   defining Unicode char U+0100 (decimal 256)
   defining Unicode char U+0101 (decimal 257)
   defining Unicode char U+0102 (decimal 258)
   defining Unicode char U+0103 (decimal 259)
   defining Unicode char U+0104 (decimal 260)
   defining Unicode char U+0105 (decimal 261)
   defining Unicode char U+0106 (decimal 262)
   defining Unicode char U+0107 (decimal 263)
   defining Unicode char U+0108 (decimal 264)
   defining Unicode char U+0109 (decimal 265)
   defining Unicode char U+010A (decimal 266)
   defining Unicode char U+010B (decimal 267)
   defining Unicode char U+010C (decimal 268)
   defining Unicode char U+010D (decimal 269)
   defining Unicode char U+010E (decimal 270)
   defining Unicode char U+010F (decimal 271)
   defining Unicode char U+0110 (decimal 272)
   defining Unicode char U+0111 (decimal 273)
   defining Unicode char U+0112 (decimal 274)
   defining Unicode char U+0113 (decimal 275)
   defining Unicode char U+0114 (decimal 276)
   defining Unicode char U+0115 (decimal 277)
   defining Unicode char U+0116 (decimal 278)
   defining Unicode char U+0117 (decimal 279)
   defining Unicode char U+0118 (decimal 280)
   defining Unicode char U+0119 (decimal 281)
   defining Unicode char U+011A (decimal 282)
   defining Unicode char U+011B (decimal 283)
   defining Unicode char U+011C (decimal 284)
   defining Unicode char U+011D (decimal 285)
   defining Unicode char U+011E (decimal 286)
   defining Unicode char U+011F (decimal 287)
   defining Unicode char U+0120 (decimal 288)
   defining Unicode char U+0121 (decimal 289)
   defining Unicode char U+0122 (decimal 290)
   defining Unicode char U+0123 (decimal 291)
   defining Unicode char U+0124 (decimal 292)
   defining Unicode char U+0125 (decimal 293)
   defining Unicode char U+0128 (decimal 296)
   defining Unicode char U+0129 (decimal 297)
   defining Unicode char U+012A (decimal 298)
   defining Unicode char U+012B (decimal 299)
   defining Unicode char U+012C (decimal 300)
   defining Unicode char U+012D (decimal 301)
   defining Unicode char U+012E (decimal 302)
   defining Unicode char U+012F (decimal 303)
   defining Unicode char U+0130 (decimal 304)
   defining Unicode char U+0131 (decimal 305)
   defining Unicode char U+0132 (decimal 306)
   defining Unicode char U+0133 (decimal 307)
   defining Unicode char U+0134 (decimal 308)
   defining Unicode char U+0135 (decimal 309)
   defining Unicode char U+0136 (decimal 310)
   defining Unicode char U+0137 (decimal 311)
   defining Unicode char U+0139 (decimal 313)
   defining Unicode char U+013A (decimal 314)
   defining Unicode char U+013B (decimal 315)
   defining Unicode char U+013C (decimal 316)
   defining Unicode char U+013D (decimal 317)
   defining Unicode char U+013E (decimal 318)
   defining Unicode char U+0141 (decimal 321)
   defining Unicode char U+0142 (decimal 322)
   defining Unicode char U+0143 (decimal 323)
   defining Unicode char U+0144 (decimal 324)
   defining Unicode char U+0145 (decimal 325)
   defining Unicode char U+0146 (decimal 326)
   defining Unicode char U+0147 (decimal 327)
   defining Unicode char U+0148 (decimal 328)
   defining Unicode char U+014A (decimal 330)
   defining Unicode char U+014B (decimal 331)
   defining Unicode char U+014C (decimal 332)
   defining Unicode char U+014D (decimal 333)
   defining Unicode char U+014E (decimal 334)
   defining Unicode char U+014F (decimal 335)
   defining Unicode char U+0150 (decimal 336)
   defining Unicode char U+0151 (decimal 337)
   defining Unicode char U+0152 (decimal 338)
   defining Unicode char U+0153 (decimal 339)
   defining Unicode char U+0154 (decimal 340)
   defining Unicode char U+0155 (decimal 341)
   defining Unicode char U+0156 (decimal 342)
   defining Unicode char U+0157 (decimal 343)
   defining Unicode char U+0158 (decimal 344)
   defining Unicode char U+0159 (decimal 345)
   defining Unicode char U+015A (decimal 346)
   defining Unicode char U+015B (decimal 347)
   defining Unicode char U+015C (decimal 348)
   defining Unicode char U+015D (decimal 349)
   defining Unicode char U+015E (decimal 350)
   defining Unicode char U+015F (decimal 351)
   defining Unicode char U+0160 (decimal 352)
   defining Unicode char U+0161 (decimal 353)
   defining Unicode char U+0162 (decimal 354)
   defining Unicode char U+0163 (decimal 355)
   defining Unicode char U+0164 (decimal 356)
   defining Unicode char U+0165 (decimal 357)
   defining Unicode char U+0168 (decimal 360)
   defining Unicode char U+0169 (decimal 361)
   defining Unicode char U+016A (decimal 362)
   defining Unicode char U+016B (decimal 363)
   defining Unicode char U+016C (decimal 364)
   defining Unicode char U+016D (decimal 365)
   defining Unicode char U+016E (decimal 366)
   defining Unicode char U+016F (decimal 367)
   defining Unicode char U+0170 (decimal 368)
   defining Unicode char U+0171 (decimal 369)
   defining Unicode char U+0172 (decimal 370)
   defining Unicode char U+0173 (decimal 371)
   defining Unicode char U+0174 (decimal 372)
   defining Unicode char U+0175 (decimal 373)
   defining Unicode char U+0176 (decimal 374)
   defining Unicode char U+0177 (decimal 375)
   defining Unicode char U+0178 (decimal 376)
   defining Unicode char U+0179 (decimal 377)
   defining Unicode char U+017A (decimal 378)
   defining Unicode char U+017B (decimal 379)
   defining Unicode char U+017C (decimal 380)
   defining Unicode char U+017D (decimal 381)
   defining Unicode char U+017E (decimal 382)
   defining Unicode char U+01CD (decimal 461)
   defining Unicode char U+01CE (decimal 462)
   defining Unicode char U+01CF (decimal 463)
   defining Unicode char U+01D0 (decimal 464)
   defining Unicode char U+01D1 (decimal 465)
   defining Unicode char U+01D2 (decimal 466)
   defining Unicode char U+01D3 (decimal 467)
   defining Unicode char U+01D4 (decimal 468)
   defining Unicode char U+01E2 (decimal 482)
   defining Unicode char U+01E3 (decimal 483)
   defining Unicode char U+01E6 (decimal 486)
   defining Unicode char U+01E7 (decimal 487)
   defining Unicode char U+01E8 (decimal 488)
   defining Unicode char U+01E9 (decimal 489)
   defining Unicode char U+01EA (decimal 490)
   defining Unicode char U+01EB (decimal 491)
   defining Unicode char U+01F0 (decimal 496)
   defining Unicode char U+01F4 (decimal 500)
   defining Unicode char U+01F5 (decimal 501)
   defining Unicode char U+0218 (decimal 536)
   defining Unicode char U+0219 (decimal 537)
   defining Unicode char U+021A (decimal 538)
   defining Unicode char U+021B (decimal 539)
   defining Unicode char U+0232 (decimal 562)
   defining Unicode char U+0233 (decimal 563)
   defining Unicode char U+1E02 (decimal 7682)
   defining Unicode char U+1E03 (decimal 7683)
   defining Unicode char U+200C (decimal 8204)
   defining Unicode char U+2010 (decimal 8208)
   defining Unicode char U+2011 (decimal 8209)
   defining Unicode char U+2012 (decimal 8210)
   defining Unicode char U+2013 (decimal 8211)
   defining Unicode char U+2014 (decimal 8212)
   defining Unicode char U+2015 (decimal 8213)
   defining Unicode char U+2018 (decimal 8216)
   defining Unicode char U+2019 (decimal 8217)
   defining Unicode char U+201A (decimal 8218)
   defining Unicode char U+201C (decimal 8220)
   defining Unicode char U+201D (decimal 8221)
   defining Unicode char U+201E (decimal 8222)
   defining Unicode char U+2030 (decimal 8240)
   defining Unicode char U+2031 (decimal 8241)
   defining Unicode char U+2039 (decimal 8249)
   defining Unicode char U+203A (decimal 8250)
   defining Unicode char U+2423 (decimal 9251)
   defining Unicode char U+1E20 (decimal 7712)
   defining Unicode char U+1E21 (decimal 7713)
)
Now handling font encoding OT1 ...
... processing UTF-8 mapping file for font encoding OT1

("C:\Program Files\MiKTeX 2.9\tex\latex\base\ot1enc.dfu"
File: ot1enc.dfu 2017/01/28 v1.1t UTF-8 support for inputenc
   defining Unicode char U+00A0 (decimal 160)
   defining Unicode char U+00A1 (decimal 161)
   defining Unicode char U+00A3 (decimal 163)
   defining Unicode char U+00AD (decimal 173)
   defining Unicode char U+00B8 (decimal 184)
   defining Unicode char U+00BF (decimal 191)
   defining Unicode char U+00C5 (decimal 197)
   defining Unicode char U+00C6 (decimal 198)
   defining Unicode char U+00D8 (decimal 216)
   defining Unicode char U+00DF (decimal 223)
   defining Unicode char U+00E6 (decimal 230)
   defining Unicode char U+00EC (decimal 236)
   defining Unicode char U+00ED (decimal 237)
   defining Unicode char U+00EE (decimal 238)
   defining Unicode char U+00EF (decimal 239)
   defining Unicode char U+00F8 (decimal 248)
   defining Unicode char U+0131 (decimal 305)
   defining Unicode char U+0141 (decimal 321)
   defining Unicode char U+0142 (decimal 322)
   defining Unicode char U+0152 (decimal 338)
   defining Unicode char U+0153 (decimal 339)
   defining Unicode char U+0174 (decimal 372)
   defining Unicode char U+0175 (decimal 373)
   defining Unicode char U+0176 (decimal 374)
   defining Unicode char U+0177 (decimal 375)
   defining Unicode char U+0218 (decimal 536)
   defining Unicode char U+0219 (decimal 537)
   defining Unicode char U+021A (decimal 538)
   defining Unicode char U+021B (decimal 539)
   defining Unicode char U+2013 (decimal 8211)
   defining Unicode char U+2014 (decimal 8212)
   defining Unicode char U+2018 (decimal 8216)
   defining Unicode char U+2019 (decimal 8217)
   defining Unicode char U+201C (decimal 8220)
   defining Unicode char U+201D (decimal 8221)
)
Now handling font encoding OMS ...
... processing UTF-8 mapping file for font encoding OMS

("C:\Program Files\MiKTeX 2.9\tex\latex\base\omsenc.dfu"
File: omsenc.dfu 2017/01/28 v1.1t UTF-8 support for inputenc
   defining Unicode char U+00A7 (decimal 167)
   defining Unicode char U+00B6 (decimal 182)
   defining Unicode char U+00B7 (decimal 183)
   defining Unicode char U+2020 (decimal 8224)
   defining Unicode char U+2021 (decimal 8225)
   defining Unicode char U+2022 (decimal 8226)
)
Now handling font encoding OMX ...
... no UTF-8 mapping file for font encoding OMX
Now handling font encoding U ...
... no UTF-8 mapping file for font encoding U
   defining Unicode char U+00A9 (decimal 169)
   defining Unicode char U+00AA (decimal 170)
   defining Unicode char U+00AE (decimal 174)
   defining Unicode char U+00BA (decimal 186)
   defining Unicode char U+02C6 (decimal 710)
   defining Unicode char U+02DC (decimal 732)
   defining Unicode char U+200C (decimal 8204)
   defining Unicode char U+2026 (decimal 8230)
   defining Unicode char U+2122 (decimal 8482)
   defining Unicode char U+2423 (decimal 9251)
))
("C:\Program Files\MiKTeX 2.9\tex\latex\graphics\graphicx.sty"
Package: graphicx 2014/10/28 v1.0g Enhanced LaTeX Graphics (DPC,SPQR)

("C:\Program Files\MiKTeX 2.9\tex\latex\graphics\keyval.sty"
Package: keyval 2014/10/28 v1.15 key=value parser (DPC)
\KV@toks@=\toks16
)
("C:\Program Files\MiKTeX 2.9\tex\latex\graphics\graphics.sty"
Package: graphics 2017/04/14 v1.1b Standard LaTeX Graphics (DPC,SPQR)

("C:\Program Files\MiKTeX 2.9\tex\latex\graphics\trig.sty"
Package: trig 2016/01/03 v1.10 sin cos tan (DPC)
)
("C:\Program Files\MiKTeX 2.9\tex\latex\graphics-cfg\graphics.cfg"
File: graphics.cfg 2016/06/04 v1.11 sample graphics configuration
)
Package graphics Info: Driver file: pdftex.def on input line 99.

("C:\Program Files\MiKTeX 2.9\tex\latex\graphics-def\pdftex.def"
File: pdftex.def 2017/01/12 v0.06k Graphics/color for pdfTeX

("C:\Program Files\MiKTeX 2.9\tex\generic\oberdiek\infwarerr.sty"
Package: infwarerr 2016/05/16 v1.4 Providing info/warning/error messages (HO)
)
("C:\Program Files\MiKTeX 2.9\tex\generic\oberdiek\ltxcmds.sty"
Package: ltxcmds 2016/05/16 v1.23 LaTeX kernel commands for general use (HO)
)
\Gread@gobject=\count89
))
\Gin@req@height=\dimen104
\Gin@req@width=\dimen105
)
("C:\Program Files\MiKTeX 2.9\tex\latex\tools\afterpage.sty"
Package: afterpage 2014/10/28 v1.08 After-Page Package (DPC)
\AP@output=\toks17
\AP@partial=\box26
\AP@footins=\box27
)
(C:\Users\eduardo\AppData\Roaming\MiKTeX\2.9\tex\latex\wrapfig\wrapfig.sty
\wrapoverhang=\dimen106
\WF@size=\dimen107
\c@WF@wrappedlines=\count90
\WF@box=\box28
\WF@everypar=\toks18
Package: wrapfig 2003/01/31  v 3.6
)
("C:\Program Files\MiKTeX 2.9\tex\latex\graphics\lscape.sty"
Package: lscape 2000/10/22 v3.01 Landscape Pages (DPC)
)
("C:\Program Files\MiKTeX 2.9\tex\latex\tools\indentfirst.sty"
Package: indentfirst 1995/11/23 v1.03 Indent first paragraph (DPC)
)
("C:\Program Files\MiKTeX 2.9\tex\latex\graphics\rotating.sty"
Package: rotating 2016/08/11 v2.16d rotated objects in LaTeX

("C:\Program Files\MiKTeX 2.9\tex\latex\base\ifthen.sty"
Package: ifthen 2014/09/29 v1.1c Standard LaTeX ifthen package (DPC)
)
\c@r@tfl@t=\count91
\rotFPtop=\skip43
\rotFPbot=\skip44
\rot@float@box=\box29
\rot@mess@toks=\toks19
)
("C:\Program Files\MiKTeX 2.9\tex\latex\oberdiek\epstopdf.sty"
Package: epstopdf 2016/05/15 v2.6 Conversion with epstopdf on the fly (HO)

("C:\Program Files\MiKTeX 2.9\tex\latex\oberdiek\epstopdf-base.sty"
Package: epstopdf-base 2016/05/15 v2.6 Base part for package epstopdf

("C:\Program Files\MiKTeX 2.9\tex\latex\oberdiek\grfext.sty"
Package: grfext 2016/05/16 v1.2 Manage graphics extensions (HO)

("C:\Program Files\MiKTeX 2.9\tex\generic\oberdiek\kvdefinekeys.sty"
Package: kvdefinekeys 2016/05/16 v1.4 Define keys (HO)
))
("C:\Program Files\MiKTeX 2.9\tex\latex\oberdiek\kvoptions.sty"
Package: kvoptions 2016/05/16 v3.12 Key value format for package options (HO)

("C:\Program Files\MiKTeX 2.9\tex\generic\oberdiek\kvsetkeys.sty"
Package: kvsetkeys 2016/05/16 v1.17 Key value parser (HO)

("C:\Program Files\MiKTeX 2.9\tex\generic\oberdiek\etexcmds.sty"
Package: etexcmds 2016/05/16 v1.6 Avoid name clashes with e-TeX commands (HO)

("C:\Program Files\MiKTeX 2.9\tex\generic\oberdiek\ifluatex.sty"
Package: ifluatex 2016/05/16 v1.4 Provides the ifluatex switch (HO)
Package ifluatex Info: LuaTeX not detected.
)
Package etexcmds Info: Could not find \expanded.
(etexcmds)             That can mean that you are not using pdfTeX 1.50 or
(etexcmds)             that some package has redefined \expanded.
(etexcmds)             In the latter case, load this package earlier.
)))
("C:\Program Files\MiKTeX 2.9\tex\generic\oberdiek\pdftexcmds.sty"
Package: pdftexcmds 2017/03/19 v0.25 Utility functions of pdfTeX for LuaTeX (HO
)

("C:\Program Files\MiKTeX 2.9\tex\generic\oberdiek\ifpdf.sty"
Package: ifpdf 2017/03/15 v3.2 Provides the ifpdf switch
)
Package pdftexcmds Info: LuaTeX not detected.
Package pdftexcmds Info: \pdf@primitive is available.
Package pdftexcmds Info: \pdf@ifprimitive is available.
Package pdftexcmds Info: \pdfdraftmode found.
)
Package epstopdf-base Info: Redefining graphics rule for `.eps' on input line 4
38.
Package grfext Info: Graphics extension search list:
(grfext)             [.png,.pdf,.jpg,.mps,.jpeg,.jbig2,.jb2,.PNG,.PDF,.JPG,.JPE
G,.JBIG2,.JB2,.eps]
(grfext)             \AppendGraphicsExtensions on input line 456.
))
("C:\Program Files\MiKTeX 2.9\tex\latex\float\float.sty"
Package: float 2001/11/08 v1.3d Float enhancements (AL)
\c@float@type=\count92
\float@exts=\toks20
\float@box=\box30
\@float@everytoks=\toks21
\@floatcapt=\box31
)
("C:\Program Files\MiKTeX 2.9\tex\latex\geometry\geometry.sty"
Package: geometry 2010/09/12 v5.6 Page Geometry

("C:\Program Files\MiKTeX 2.9\tex\generic\oberdiek\ifvtex.sty"
Package: ifvtex 2016/05/16 v1.6 Detect VTeX and its facilities (HO)
Package ifvtex Info: VTeX not detected.
)
("C:\Program Files\MiKTeX 2.9\tex\generic\ifxetex\ifxetex.sty"
Package: ifxetex 2010/09/12 v0.6 Provides ifxetex conditional
)
\Gm@cnth=\count93
\Gm@cntv=\count94
\c@Gm@tempcnt=\count95
\Gm@bindingoffset=\dimen108
\Gm@wd@mp=\dimen109
\Gm@odd@mp=\dimen110
\Gm@even@mp=\dimen111
\Gm@layoutwidth=\dimen112
\Gm@layoutheight=\dimen113
\Gm@layouthoffset=\dimen114
\Gm@layoutvoffset=\dimen115
\Gm@dimlist=\toks22

("C:\Program Files\MiKTeX 2.9\tex\latex\geometry\geometry.cfg"))
(C:\Users\eduardo\AppData\Roaming\MiKTeX\2.9\tex\latex\fancyhdr\fancyhdr.sty
Package: fancyhdr 2017/06/30 v3.9a Extensive control of page headers and footer
s
\f@nch@headwidth=\skip45
\f@nch@O@elh=\skip46
\f@nch@O@erh=\skip47
\f@nch@O@olh=\skip48
\f@nch@O@orh=\skip49
\f@nch@O@elf=\skip50
\f@nch@O@erf=\skip51
\f@nch@O@olf=\skip52
\f@nch@O@orf=\skip53
)
(C:\Users\eduardo\AppData\Roaming\MiKTeX\2.9\tex\latex\listings\listings.sty
\lst@mode=\count96
\lst@gtempboxa=\box32
\lst@token=\toks23
\lst@length=\count97
\lst@currlwidth=\dimen116
\lst@column=\count98
\lst@pos=\count99
\lst@lostspace=\dimen117
\lst@width=\dimen118
\lst@newlines=\count100
\lst@lineno=\count101
\lst@maxwidth=\dimen119

(C:\Users\eduardo\AppData\Roaming\MiKTeX\2.9\tex\latex\listings\lstmisc.sty
File: lstmisc.sty 2015/06/04 1.6 (Carsten Heinz)
\c@lstnumber=\count102
\lst@skipnumbers=\count103
\lst@framebox=\box33
)
(C:\Users\eduardo\AppData\Roaming\MiKTeX\2.9\tex\latex\listings\listings.cfg
File: listings.cfg 2015/06/04 1.6 listings configuration
))
Package: listings 2015/06/04 1.6 (Carsten Heinz)

("C:\Program Files\MiKTeX 2.9\tex\latex\graphics\color.sty"
Package: color 2016/07/10 v1.1e Standard LaTeX Color (DPC)

("C:\Program Files\MiKTeX 2.9\tex\latex\graphics-cfg\color.cfg"
File: color.cfg 2016/01/02 v1.6 sample color configuration
)
Package color Info: Driver file: pdftex.def on input line 147.
)
(C:\Users\eduardo\AppData\Roaming\MiKTeX\2.9\tex\latex\listings\lstlang1.sty
File: lstlang1.sty 2015/06/04 1.6 listings language file
)
(C:\Users\eduardo\AppData\Roaming\MiKTeX\2.9\tex\latex\listings\lstlang1.sty
File: lstlang1.sty 2015/06/04 1.6 listings language file
)
(C:\Users\eduardo\AppData\Roaming\MiKTeX\2.9\tex\latex\listings\lstmisc.sty
File: lstmisc.sty 2015/06/04 1.6 (Carsten Heinz)
)
(main.aux)
\openout1 = `main.aux'.

LaTeX Font Info:    Checking defaults for OML/cmm/m/it on input line 57.
LaTeX Font Info:    ... okay on input line 57.
LaTeX Font Info:    Checking defaults for T1/cmr/m/n on input line 57.
LaTeX Font Info:    ... okay on input line 57.
LaTeX Font Info:    Checking defaults for OT1/cmr/m/n on input line 57.
LaTeX Font Info:    ... okay on input line 57.
LaTeX Font Info:    Checking defaults for OMS/cmsy/m/n on input line 57.
LaTeX Font Info:    ... okay on input line 57.
LaTeX Font Info:    Checking defaults for OMX/cmex/m/n on input line 57.
LaTeX Font Info:    ... okay on input line 57.
LaTeX Font Info:    Checking defaults for U/cmr/m/n on input line 57.
LaTeX Font Info:    ... okay on input line 57.

(C:\Users\eduardo\AppData\Roaming\MiKTeX\2.9\tex\context\base\supp-pdf.mkii
[Loading MPS to PDF converter (version 2006.09.02).]
\scratchcounter=\count104
\scratchdimen=\dimen120
\scratchbox=\box34
\nofMPsegments=\count105
\nofMParguments=\count106
\everyMPshowfont=\toks24
\MPscratchCnt=\count107
\MPscratchDim=\dimen121
\MPnumerator=\count108
\makeMPintoPDFobject=\count109
\everyMPtoPDFconversion=\toks25
)
*geometry* driver: auto-detecting
*geometry* detected driver: pdftex
*geometry* verbose mode - [ preamble ] result:
* driver: pdftex
* paper: a4paper
* layout: <same size as paper>
* layoutoffset:(h,v)=(0.0pt,0.0pt)
* modes: includefoot twoside 
* h-part:(L,W,R)=(72.26999pt, 452.9679pt, 72.26999pt)
* v-part:(T,H,B)=(72.26999pt, 700.50687pt, 72.26999pt)
* \paperwidth=597.50787pt
* \paperheight=845.04684pt
* \textwidth=452.9679pt
* \textheight=670.50687pt
* \oddsidemargin=0.0pt
* \evensidemargin=0.0pt
* \topmargin=-31.8738pt
* \headheight=12.0pt
* \headsep=19.8738pt
* \topskip=12.0pt
* \footskip=30.0pt
* \marginparwidth=88.0pt
* \marginparsep=7.0pt
* \columnsep=10.0pt
* \skip\footins=10.8pt plus 4.0pt minus 2.0pt
* \hoffset=0.0pt
* \voffset=0.0pt
* \mag=1000
* \@twocolumnfalse
* \@twosidetrue
* \@mparswitchtrue
* \@reversemarginfalse
* (1in=72.27pt=25.4mm, 1cm=28.453pt)

\c@lstlisting=\count110

Underfull \hbox (badness 10000) in paragraph at lines 70--73

 []


Underfull \hbox (badness 10000) in paragraph at lines 70--73

 []

[1


{C:/ProgramData/MiKTeX/2.9/pdftex/config/pdftex.map}] [2]
LaTeX Font Info:    External font `cmex10' loaded for size
(Font)              <12> on input line 93.
LaTeX Font Info:    External font `cmex10' loaded for size
(Font)              <8> on input line 93.
LaTeX Font Info:    External font `cmex10' loaded for size
(Font)              <6> on input line 93.
 [3] (main.toc
[4

])
\tf@toc=\write3
\openout3 = `main.toc'.

 [5] (main.lof [6

])
\tf@lof=\write4
\openout4 = `main.lof'.

 [7] (main.lot)
\tf@lot=\write5
\openout5 = `main.lot'.

 [8

] [9] [10] [11

] (intro.tex
Cap\'{\i }tulo 1.
[12

] [13]) (area_estudo.tex [14]
Cap\'{\i }tulo 2.

Underfull \hbox (badness 10000) in paragraph at lines 2--3

 []


<C:/Users/eduardo/Documents/Data/Mestrado/BHRSJ.jpg, id=53, 876.27374pt x 603.7
5563pt>
File: C:/Users/eduardo/Documents/Data/Mestrado/BHRSJ.jpg Graphic file (type jpg
)
 <use C:/Users/eduardo/Documents/Data/Mestrado/BHRSJ.jpg>
Package pdftex.def Info: C:/Users/eduardo/Documents/Data/Mestrado/BHRSJ.jpg use
d on input line 6.
(pdftex.def)             Requested size: 452.9679pt x 312.10301pt.

Underfull \hbox (badness 10000) in paragraph at lines 10--11

 []


<C:/Users/eduardo/Documents/Data/Mestrado/BHRSJ_2.jpg, id=54, 922.94812pt x 623
.32875pt>
File: C:/Users/eduardo/Documents/Data/Mestrado/BHRSJ_2.jpg Graphic file (type j
pg)
 <use C:/Users/eduardo/Documents/Data/Mestrado/BHRSJ_2.jpg>
Package pdftex.def Info: C:/Users/eduardo/Documents/Data/Mestrado/BHRSJ_2.jpg u
sed on input line 14.
(pdftex.def)             Requested size: 452.9679pt x 305.91882pt.
)
Underfull \hbox (badness 10000) in paragraph at lines 18--128

 []

[15

] [16 <C:/Users/eduardo/Documents/Data/Mestrado/BHRSJ.jpg>] [17 <C:/Users/eduar
do/Documents/Data/Mestrado/BHRSJ_2.jpg>] [18

] (pesq_operacional.tex
Cap\'{\i }tulo 3.
[19

]
Overfull \hbox (3.05792pt too wide) in paragraph at lines 14--15
\OT1/cmr/m/n/12 Tenta mos-trar tambem como a in-flu^encia do de-sen-vol-vi-men
to do pen-sa-mento ge-os-sist^emico
 []

[20]
Cap\'{\i }tulo 4.
[21

]
Overfull \hbox (4.10106pt too wide) in paragraph at lines 27--28
[]\OT1/cmr/m/n/12 O au-mento sig-ni-fi-ca-tivo da ca-pa-ci-dade de pro-ces-sa-m
ento dos com-pu-ta-do-res domesticos,
 []

[22] [23] [24]
Cap\'{\i }tulo 5.
[25

] [26]
Cap\'{\i }tulo 6.
[27

] [28] [29] <data/blue_marble.png, id=102, 384.9582pt x 384.9582pt>
File: data/blue_marble.png Graphic file (type png)

<use data/blue_marble.png>
Package pdftex.def Info: data/blue_marble.png used on input line 91.
(pdftex.def)             Requested size: 407.66833pt x 407.68369pt.
 [30 <./data/blue_marble.png>] [31] [32]
Underfull \vbox (badness 10000) has occurred while \output is active []

 [33]
[34] [35]
<data/paradigma_quatro_universos.png, id=124, 469.755pt x 106.9596pt>
File: data/paradigma_quatro_universos.png Graphic file (type png)

<use data/paradigma_quatro_universos.png>
Package pdftex.def Info: data/paradigma_quatro_universos.png used on input line
 167.
(pdftex.def)             Requested size: 452.9679pt x 103.13701pt.

Underfull \hbox (badness 10000) in paragraph at lines 174--175

 []


Underfull \hbox (badness 10000) in paragraph at lines 176--177

 []


Underfull \hbox (badness 10000) in paragraph at lines 178--179

 []


Underfull \hbox (badness 10000) in paragraph at lines 180--181

 []


Underfull \hbox (badness 10000) in paragraph at lines 182--183

 []

[36 <./data/paradigma_quatro_universos.png>]
Underfull \hbox (badness 10000) in paragraph at lines 184--185

 []


Underfull \hbox (badness 10000) in paragraph at lines 186--187

 []

[37] [38] <data/omtg_classes.png, id=136, 365.2044pt x 217.7736pt>
File: data/omtg_classes.png Graphic file (type png)

<use data/omtg_classes.png>
Package pdftex.def Info: data/omtg_classes.png used on input line 222.
(pdftex.def)             Requested size: 452.9679pt x 270.11621pt.
 <data/geocampos.png, id=137, 469.755pt x 93.951pt>
File: data/geocampos.png Graphic file (type png)

<use data/geocampos.png>
Package pdftex.def Info: data/geocampos.png used on input line 231.
(pdftex.def)             Requested size: 452.9679pt x 90.59334pt.


LaTeX Warning: `h' float specifier changed to `ht'.

<data/geoobjetos.png, id=138, 319.4334pt x 231.264pt>
File: data/geoobjetos.png Graphic file (type png)

<use data/geoobjetos.png>
Package pdftex.def Info: data/geoobjetos.png used on input line 238.
(pdftex.def)             Requested size: 407.66833pt x 295.16646pt.


LaTeX Warning: `h' float specifier changed to `ht'.

[39 <./data/omtg_classes.png>]
<data/relacionamentos.png, id=143, 444.2196pt x 181.6386pt>
File: data/relacionamentos.png Graphic file (type png)

<use data/relacionamentos.png>
Package pdftex.def Info: data/relacionamentos.png used on input line 249.
(pdftex.def)             Requested size: 452.9679pt x 185.22733pt.


LaTeX Warning: `h' float specifier changed to `ht'.

<data/cardinalidade.png, id=144, 364.2408pt x 160.9212pt>
File: data/cardinalidade.png Graphic file (type png)

<use data/cardinalidade.png>
Package pdftex.def Info: data/cardinalidade.png used on input line 260.
(pdftex.def)             Requested size: 452.9679pt x 200.13199pt.


LaTeX Warning: `h' float specifier changed to `ht'.


Underfull \vbox (badness 1107) has occurred while \output is active []

 [40 <./data/geocampos.png> <./data/geoobjetos.png>]
<data/relac_topologicos.png, id=150, 469.755pt x 275.1078pt>
File: data/relac_topologicos.png Graphic file (type png)

<use data/relac_topologicos.png>
Package pdftex.def Info: data/relac_topologicos.png used on input line 271.
(pdftex.def)             Requested size: 452.9679pt x 265.27586pt.


LaTeX Warning: `h' float specifier changed to `ht'.

<data/generalizacao_especializacao.png, id=151, 443.256pt x 133.9404pt>
File: data/generalizacao_especializacao.png Graphic file (type png)

<use data/generalizacao_especializacao.png>
Package pdftex.def Info: data/generalizacao_especializacao.png used on input li
ne 282.
(pdftex.def)             Requested size: 452.9679pt x 136.8749pt.


LaTeX Warning: `h' float specifier changed to `ht'.

[41 <./data/relacionamentos.png> <./data/cardinalidade.png>]
<data/agregacao_espacial.png, id=157, 307.3884pt x 53.4798pt>
File: data/agregacao_espacial.png Graphic file (type png)

<use data/agregacao_espacial.png>
Package pdftex.def Info: data/agregacao_espacial.png used on input line 291.
(pdftex.def)             Requested size: 452.9679pt x 78.811pt.


LaTeX Warning: `h' float specifier changed to `ht'.

[42 <./data/relac_topologicos.png>] [43 <./data/generalizacao_especializacao.pn
g> <./data/agregacao_espacial.png>]
<data/requisitos_SGBD.png, id=168, 469.755pt x 328.5876pt>
File: data/requisitos_SGBD.png Graphic file (type png)

<use data/requisitos_SGBD.png>
Package pdftex.def Info: data/requisitos_SGBD.png used on input line 328.
(pdftex.def)             Requested size: 452.9679pt x 316.84438pt.

<data/princ_tec_SGBD_1.png, id=169, 469.755pt x 154.176pt>
File: data/princ_tec_SGBD_1.png Graphic file (type png)

<use data/princ_tec_SGBD_1.png>
Package pdftex.def Info: data/princ_tec_SGBD_1.png used on input line 336.
(pdftex.def)             Requested size: 452.9679pt x 148.66595pt.

<data/princ_tec_SGBD_2.png, id=170, 469.755pt x 161.403pt>
File: data/princ_tec_SGBD_2.png Graphic file (type png)

<use data/princ_tec_SGBD_2.png>
Package pdftex.def Info: data/princ_tec_SGBD_2.png used on input line 343.
(pdftex.def)             Requested size: 452.9679pt x 155.6347pt.
 [44] [45 <./data/requisitos_SGBD.png> <./data/princ_tec_SGBD_1.png>] <data/sql
_history.png, id=179, 469.755pt x 279.444pt>
File: data/sql_history.png Graphic file (type png)

<use data/sql_history.png>
Package pdftex.def Info: data/sql_history.png used on input line 358.
(pdftex.def)             Requested size: 452.9679pt x 269.45709pt.
 [46 <./data/princ_tec_SGBD_2.png>] [47 <./data/sql_history.png>] <data/comando
s_sql.png, id=188, 466.8642pt x 251.4996pt>
File: data/comandos_sql.png Graphic file (type png)

<use data/comandos_sql.png>
Package pdftex.def Info: data/comandos_sql.png used on input line 401.
(pdftex.def)             Requested size: 452.9679pt x 244.02338pt.

Underfull \vbox (badness 3849) has occurred while \output is active []

 [48]
<data/arquitetura_dua_integrada.png, id=193, 469.755pt x 213.4374pt>
File: data/arquitetura_dua_integrada.png Graphic file (type png)

<use data/arquitetura_dua_integrada.png>
Package pdftex.def Info: data/arquitetura_dua_integrada.png used on input line 
416.
(pdftex.def)             Requested size: 452.9679pt x 205.80945pt.

Underfull \hbox (badness 10000) in paragraph at lines 421--422

 []

LaTeX Font Info:    Try loading font information for OMS+cmr on input line 424.

("C:\Program Files\MiKTeX 2.9\tex\latex\base\omscmr.fd"
File: omscmr.fd 2014/09/29 v2.5h Standard LaTeX font definitions
)
LaTeX Font Info:    Font shape `OMS/cmr/m/n' in size <12> not available
(Font)              Font shape `OMS/cmsy/m/n' tried instead on input line 424.

Underfull \hbox (badness 10000) in paragraph at lines 424--426

 []


Underfull \hbox (badness 10000) in paragraph at lines 427--429

 []


Underfull \hbox (badness 10000) in paragraph at lines 430--433

 []

[49 <./data/comandos_sql.png>]
Underfull \hbox (badness 10000) in paragraph at lines 434--436

 []


Underfull \vbox (badness 1189) has occurred while \output is active []

 [50 <./data/arquitetura_dua_integrada.png>]
<data/sfs-sql.png, id=203, 469.755pt x 249.0906pt>
File: data/sfs-sql.png Graphic file (type png)
 <use data/sfs-sql.png>
Package pdftex.def Info: data/sfs-sql.png used on input line 448.
(pdftex.def)             Requested size: 452.9679pt x 240.18848pt.

[51 <./data/sfs-sql.png>] <data/arvore_r.png, id=208, 469.755pt x 251.4996pt>
File: data/arvore_r.png Graphic file (type png)

<use data/arvore_r.png>
Package pdftex.def Info: data/arvore_r.png used on input line 478.
(pdftex.def)             Requested size: 452.9679pt x 242.51138pt.
 [52 <./data/arvore_r.png>] [53] [54]
<data/pedido-resposta.png, id=219, 426.8748pt x 133.4586pt>
File: data/pedido-resposta.png Graphic file (type png)

<use data/pedido-resposta.png>
Package pdftex.def Info: data/pedido-resposta.png used on input line 511.
(pdftex.def)             Requested size: 452.9679pt x 141.62631pt.
 [55] [56 <./data/pedido-resposta.png>] [57]
[58] <data/sigweb_developer_side.png, id=234, 405.1938pt x 268.8444pt>
File: data/sigweb_developer_side.png Graphic file (type png)

<use data/sigweb_developer_side.png>
Package pdftex.def Info: data/sigweb_developer_side.png used on input line 564.

(pdftex.def)             Requested size: 452.9679pt x 300.54578pt.

<data/sigweb_cartografico_side.png, id=235, 404.2302pt x 299.1978pt>
File: data/sigweb_cartografico_side.png Graphic file (type png)

<use data/sigweb_cartografico_side.png>
Package pdftex.def Info: data/sigweb_cartografico_side.png used on input line 5
71.
(pdftex.def)             Requested size: 452.9679pt x 335.27728pt.
 [59 <./data/sigweb_developer_side.png>] [60 <./data/sigweb_cartografico_side.p
ng>]
<data/ranking_github.png, id=244, 468.7914pt x 269.808pt>
File: data/ranking_github.png Graphic file (type png)

<use data/ranking_github.png>
Package pdftex.def Info: data/ranking_github.png used on input line 584.
(pdftex.def)             Requested size: 452.9679pt x 260.70479pt.

Underfull \vbox (badness 4254) has occurred while \output is active []

 [61 <./data/ranking_github.png>] [62]
<data/prerequisitos_mapping_servers.png, id=253, 469.755pt x 131.5314pt>
File: data/prerequisitos_mapping_servers.png Graphic file (type png)

<use data/prerequisitos_mapping_servers.png>
Package pdftex.def Info: data/prerequisitos_mapping_servers.png used on input l
ine 623.
(pdftex.def)             Requested size: 452.9679pt x 126.83066pt.
 [63]
<data/geoserver_gui.png, id=257, 469.755pt x 274.626pt>
File: data/geoserver_gui.png Graphic file (type png)

<use data/geoserver_gui.png>
Package pdftex.def Info: data/geoserver_gui.png used on input line 668.
(pdftex.def)             Requested size: 452.9679pt x 264.81128pt.

<data/suporte_webservices.png, id=258, 469.755pt x 151.767pt>
File: data/suporte_webservices.png Graphic file (type png)

<use data/suporte_webservices.png>
Package pdftex.def Info: data/suporte_webservices.png used on input line 677.
(pdftex.def)             Requested size: 452.9679pt x 146.34306pt.
 [64 <./data/prerequisitos_mapping_servers.png>] [65] [66 <./data/geoserver_gui
.png> <./data/suporte_webservices.png>]
<data/compatibilidade_formatos.png, id=271, 469.755pt x 244.7544pt>
File: data/compatibilidade_formatos.png Graphic file (type png)

<use data/compatibilidade_formatos.png>
Package pdftex.def Info: data/compatibilidade_formatos.png used on input line 6
90.
(pdftex.def)             Requested size: 452.9679pt x 236.00723pt.
 [67] [68 <./data/compatibilidade_formatos.png>] <data/openlayers.png, id=280, 
469.755pt x 183.5658pt>
File: data/openlayers.png Graphic file (type png)

<use data/openlayers.png>
Package pdftex.def Info: data/openlayers.png used on input line 709.
(pdftex.def)             Requested size: 452.9679pt x 177.00542pt.
 [69 <./data/openlayers.png>]) [70] [71

]
(materiais_e_metodos.tex
Cap\'{\i }tulo 7.
[72

] [73]
Underfull \hbox (badness 10000) in paragraph at lines 25--26

 []

[74]) [75] [76

] (resultados.tex
Cap\'{\i }tulo 8.
[77

] <data/modelo_OMT-G_final.png, id=310, 649.4664pt x 371.4678pt>
File: data/modelo_OMT-G_final.png Graphic file (type png)

<use data/modelo_OMT-G_final.png>
Package pdftex.def Info: data/modelo_OMT-G_final.png used on input line 16.
(pdftex.def)             Requested size: 670.50687pt x 383.51733pt.
 [78] [79 <./data/modelo_OMT-G_final.png>]
<data/pgAdmin-gui.png, id=319, 469.755pt x 279.9258pt>
File: data/pgAdmin-gui.png Graphic file (type png)

<use data/pgAdmin-gui.png>
Package pdftex.def Info: data/pgAdmin-gui.png used on input line 28.
(pdftex.def)             Requested size: 452.9679pt x 269.92168pt.

<data/newdb_pgadmin.png, id=320, 347.8596pt x 362.3136pt>
File: data/newdb_pgadmin.png Graphic file (type png)

<use data/newdb_pgadmin.png>
Package pdftex.def Info: data/newdb_pgadmin.png used on input line 37.
(pdftex.def)             Requested size: 271.7835pt x 283.08444pt.

Overfull \hbox (17.62482pt too wide) in paragraph at lines 44--70
[]$[]$ 
 []


Underfull \vbox (badness 10000) has occurred while \output is active []

 [80

 <./data/pgAdmin-gui.png>]
Overfull \vbox (2.64896pt too high) has occurred while \output is active []


[81 <./data/newdb_pgadmin.png>]
<data/create_extension_postgis.png, id=329, 469.755pt x 313.6518pt>
File: data/create_extension_postgis.png Graphic file (type png)

<use data/create_extension_postgis.png>
Package pdftex.def Info: data/create_extension_postgis.png used on input line 7
5.
(pdftex.def)             Requested size: 452.9679pt x 302.44235pt.

<data/shapefile_loader.png, id=330, 394.1124pt x 93.4692pt>
File: data/shapefile_loader.png Graphic file (type png)

<use data/shapefile_loader.png>
Package pdftex.def Info: data/shapefile_loader.png used on input line 88.
(pdftex.def)             Requested size: 452.9679pt x 107.43169pt.
 [82 <./data/create_extension_postgis.png>]
<data/shapefile_loader_gui.png, id=335, 469.755pt x 412.4208pt>
File: data/shapefile_loader_gui.png Graphic file (type png)

<use data/shapefile_loader_gui.png>
Package pdftex.def Info: data/shapefile_loader_gui.png used on input line 103.
(pdftex.def)             Requested size: 452.9679pt x 397.6815pt.

<data/import_config.png, id=336, 375.804pt x 239.4546pt>
File: data/import_config.png Graphic file (type png)

<use data/import_config.png>
Package pdftex.def Info: data/import_config.png used on input line 110.
(pdftex.def)             Requested size: 452.9679pt x 288.63751pt.

<data/estrutura_opensource.png, id=337, 469.755pt x 273.1806pt>
File: data/estrutura_opensource.png Graphic file (type png)

<use data/estrutura_opensource.png>
Package pdftex.def Info: data/estrutura_opensource.png used on input line 121.
(pdftex.def)             Requested size: 452.9679pt x 263.41753pt.
 [83 <./data/shapefile_loader.png>] [84 <./data/shapefile_loader_gui.png>] [85 
<./data/import_config.png> <./data/estrutura_opensource.png>] <data/diagrama.pn
g, id=352, 452.892pt x 329.0694pt>
File: data/diagrama.png Graphic file (type png)

<use data/diagrama.png>
Package pdftex.def Info: data/diagrama.png used on input line 132.
(pdftex.def)             Requested size: 452.9679pt x 329.13383pt.
 <data/qgis_gui.png, id=353, 469.755pt x 276.5532pt>
File: data/qgis_gui.png Graphic file (type png)

<use data/qgis_gui.png>
Package pdftex.def Info: data/qgis_gui.png used on input line 140.
(pdftex.def)             Requested size: 452.9679pt x 266.6696pt.

Underfull \vbox (badness 1286) has occurred while \output is active []

 [86 <./data/diagrama.png>]
Underfull \vbox (badness 2376) has occurred while \output is active []

 [87 <./data/qgis_gui.png>]
Overfull \hbox (2.46626pt too wide) in paragraph at lines 155--156
[]\OT1/cmr/m/n/12 Na area ge-o-es-pa-cial, al-gu-mas fer-ra-men-tas im-por-tan
-tes fo-ram de-sen-vol-vi-das nos ultimos
 []

<data/espacoGIS_logo.png, id=362, 468.7914pt x 172.4844pt>
File: data/espacoGIS_logo.png Graphic file (type png)

<use data/espacoGIS_logo.png>
Package pdftex.def Info: data/espacoGIS_logo.png used on input line 165.
(pdftex.def)             Requested size: 452.9679pt x 166.66484pt.
 [88]
<data/espacoGIS_gui.png, id=366, 469.755pt x 276.5532pt>
File: data/espacoGIS_gui.png Graphic file (type png)

<use data/espacoGIS_gui.png>
Package pdftex.def Info: data/espacoGIS_gui.png used on input line 174.
(pdftex.def)             Requested size: 362.37569pt x 213.33484pt.

<data/postnet_gui.png, id=367, 469.755pt x 389.2944pt>
File: data/postnet_gui.png Graphic file (type png)

<use data/postnet_gui.png>
Package pdftex.def Info: data/postnet_gui.png used on input line 181.
(pdftex.def)             Requested size: 452.9679pt x 375.3816pt.
 <data/mdi_gui.png, id=368, 468.7914pt x 248.127pt>
File: data/mdi_gui.png Graphic file (type png)

<use data/mdi_gui.png>
Package pdftex.def Info: data/mdi_gui.png used on input line 188.
(pdftex.def)             Requested size: 452.9679pt x 239.75528pt.
 [89 <./data/espacoGIS_logo.png> <./data/espacoGIS_gui.png>] [90 <./data/postne
t_gui.png>]
<data/sig_gui.png, id=378, 469.755pt x 274.626pt>
File: data/sig_gui.png Graphic file (type png)
 <use data/sig_gui.png>
Package pdftex.def Info: data/sig_gui.png used on input line 201.
(pdftex.def)             Requested size: 452.9679pt x 264.81128pt.

<data/postgis_config.png, id=379, 315.0972pt x 221.628pt>
File: data/postgis_config.png Graphic file (type png)

<use data/postgis_config.png>
Package pdftex.def Info: data/postgis_config.png used on input line 208.
(pdftex.def)             Requested size: 317.07614pt x 223.02074pt.
 [91 <./data/mdi_gui.png>] [92 <./data/sig_gui.png> <./data/postgis_config.png>
]
Cap\'{\i }tulo 9.
[93

]) (main.bbl [94]) [95

] (main.aux) ) 
Here is how much of TeX's memory you used:
 5757 strings out of 493323
 80149 string characters out of 3139059
 200867 words of memory out of 3000000
 9126 multiletter control sequences out of 15000+200000
 10884 words of font info for 38 fonts, out of 3000000 for 9000
 1141 hyphenation exceptions out of 8191
 42i,12n,58p,2227b,1714s stack positions out of 5000i,500n,10000p,200000b,50000s
<C:/Program Files/MiKTeX 2.9/fonts/type1/public/amsfonts/cm/cmbx1
2.pfb><C:/Program Files/MiKTeX 2.9/fonts/type1/public/amsfonts/cm/cmbxti10.pfb>
<C:/Program Files/MiKTeX 2.9/fonts/type1/public/amsfonts/cm/cmcsc10.pfb><C:/Pro
gram Files/MiKTeX 2.9/fonts/type1/public/amsfonts/cm/cmmi12.pfb><C:/Program Fil
es/MiKTeX 2.9/fonts/type1/public/amsfonts/cm/cmr12.pfb><C:/Program Files/MiKTeX
 2.9/fonts/type1/public/amsfonts/cm/cmr17.pfb><C:/Program Files/MiKTeX 2.9/font
s/type1/public/amsfonts/cm/cmsy10.pfb><C:/Program Files/MiKTeX 2.9/fonts/type1/
public/amsfonts/cm/cmti12.pfb><C:/Program Files/MiKTeX 2.9/fonts/type1/public/a
msfonts/cm/cmtt10.pfb>
Output written on main.pdf (95 pages, 9865479 bytes).
PDF statistics:
 432 PDF objects out of 1000 (max. 8388607)
 0 named destinations out of 1000 (max. 500000)
 226 words of extra memory for PDF output out of 10000 (max. 10000000)

